<?xml version="1.0" encoding="ISO-8859-1"?>

<!--
   Copyright 2010 René M. de Bloois

   Licensed under the Apache License, Version 2.0 (the "License");
   you may not use this file except in compliance with the License.
   You may obtain a copy of the License at

       http://www.apache.org/licenses/LICENSE-2.0

   Unless required by applicable law or agreed to in writing, software
   distributed under the License is distributed on an "AS IS" BASIS,
   WITHOUT WARRANTIES OR CONDITIONS OF ANY KIND, either express or implied.
   See the License for the specific language governing permissions and
   limitations under the License.
-->

<project basedir="." name="sqltask-tests">


	<path id="test.classpath">
		<pathelement location="${build.home}/classes" />
	</path>
	

	<target name="ant-test">
		<taskdef resource="solidbasetasks" classpathref="test.classpath" />
		<solidbase-sql driver="org.hsqldb.jdbcDriver" url="jdbc:hsqldb:mem:testTask2" username="sa" password="">
       		<secondary name="queues" url="jdbc:hsqldb:mem:queues" username="sa" password="geheim" />
       		<secondary name="user" username="sa" password="" />
			<sqlfile src="testsql1.sql" />
			<sqlfile src="testsql2.sql" />
        </solidbase-sql>
	</target>


	<target name="ant-test-sections">
		<taskdef resource="solidbasetasks" classpathref="test.classpath" />
		<solidbase-sql driver="org.hsqldb.jdbcDriver" url="jdbc:hsqldb:mem:testdb"
				username="sa" password="" sqlfile="testsql-sections.sql" />
	</target>


</project>
