<?xml version="1.0" encoding="ISO-8859-1"?>

<!--
   Copyright 2009 René M. de Bloois

   Licensed under the Apache License, Version 2.0 (the "License");
   you may not use this file except in compliance with the License.
   You may obtain a copy of the License at

       http://www.apache.org/licenses/LICENSE-2.0

   Unless required by applicable law or agreed to in writing, software
   distributed under the License is distributed on an "AS IS" BASIS,
   WITHOUT WARRANTIES OR CONDITIONS OF ANY KIND, either express or implied.
   See the License for the specific language governing permissions and
   limitations under the License.
-->

<project basedir="." name="upgradetask-tests">


	<path id="test.classpath">
		<pathelement location="${build.home}/classes" />
	</path>
	

	<target name="ant-test">
		<taskdef resource="solidbasetasks" classpathref="test.classpath" />
		<solidbase-upgrade driver="org.hsqldb.jdbcDriver" url="jdbc:hsqldb:mem:testTask"
				username="sa" password=""
				upgradefile="testpatch-multiconnections.sql" target="1.1.*">
       		<secondary name="queues" url="jdbc:hsqldb:mem:queues" username="sa" password="geheim" />
       		<secondary name="user" username="sa" password="" />
        </solidbase-upgrade>
		<upgradedb driver="org.hsqldb.jdbcDriver" url="jdbc:hsqldb:mem:testTask"
				username="sa" password=""
				upgradefile="testpatch-multiconnections.sql" target="1.0.*"
				downgradeallowed="yes" />
	</target>


	<target name="ant-basedir-test">
		<ant antfile="test-basedir.xml" dir="folder" target="ant-test-basedir" />
	</target>


	<target name="ant-test-filenotfound">
		<taskdef resource="solidbasetasks" classpathref="test.classpath" />
		<solidbase-upgrade driver="org.hsqldb.jdbcDriver" url="jdbc:hsqldb:mem:testTask"
				username="sa" password=""
				upgradefile="doesnotexist.sql" />
	</target>


	<target name="ant-test-parameters">
		<taskdef resource="solidbasetasks" classpathref="test.classpath" />
		<solidbase-upgrade driver="org.hsqldb.jdbcDriver" url="jdbc:hsqldb:mem:upgradeTask1"
				username="sa" password=""
				upgradefile="testpatch-parameter2.sql">
			<parameter name="par1" value="val1" />
			<parameter name="par2" /> <!-- null -->
		</solidbase-upgrade>
	</target>


</project>
